Exception at PC 0x00007FF83C07A388
Exception at PC 0x00007FF83C07A388
Exception at PC 0x00007FF83C07A388
Exception at PC 0x00007FF83C07A388
Exception at PC 0x00007FFFA647E132
Attemped to write at address 0x00007FF817094AA4
Printing stacktrace...

[0]  [0x00007FFFA647E132]
[1]  [0x00007FFFA647E132]
[2]  [0x00007FFFA647E194]
[3]  [0x00007FFFA60CD0D7]
[4]  [0x00007FFFA5FB2BCA]
[5]  [0x00007FFFA5FB2FD1]
[6]  [0x00007FFFA647EB2F]
[7]  [0x00007FFFA633C19D]
[8]  [0x00007FFFA6335942]
[9]  [0x00007FFFA6335AB5]
[10] (RtlActivateActivationContextUnsafeFast+0x123) [0x00007FF83FCA4053]
[11] (LdrShutdownProcess+0x125) [0x00007FF83FCB0A05]
[12] (RtlExitUserProcess+0xd8) [0x00007FF83FCB08C8]
[13] (FatalExit+0xa) [0x00007FF83D1AB19A]
[14] (exit+0x75) [0x00007FF83DF19CE5]
[15] (initterm_e+0x235) [0x00007FF83DF1A345]
[16]  [0x00000000004014CD]
[17]  [0x000000000040151B]
[18] (BaseThreadInitThunk+0x14) [0x00007FF83D1A3034]
[19] (RtlUserThreadStart+0x21) [0x00007FF83FCE1461]
Done
